OpenSTA 2.5.0 GITDIR-NOT Copyright (c) 2024, Parallax Software, Inc.
License GPLv3: GNU GPL version 3 <http://gnu.org/licenses/gpl.html>

This is free software, and you are free to change and redistribute it
under certain conditions; type `show_copying' for details. 
This program comes with ABSOLUTELY NO WARRANTY; for details type `show_warranty'.
define_corners Typical
read_liberty -corner Typical /home/melis/.volare/sky130A/libs.ref/sky130_fd_sc_hd/lib/sky130_fd_sc_hd__tt_025C_1v80.lib
Using 1e-12 for capacitance...
Using 1e+03 for resistance...
Using 1e-09 for time...
Using 1e+00 for voltage...
Using 1e-03 for current...
Using 1e-09 for power...
Using 1e-06 for distance...
Reading netlist '/openlane/designs/ZeroToFiveCounter/runs/RUN_2025.06.02_20.18.14/results/synthesis/TopModule.v'…
Reading design constraints file at '/openlane/scripts/base.sdc'…
[INFO]: Setting output delay to: 2.0
[INFO]: Setting input delay to: 2.0
[INFO]: Setting load to: 0.033442
[INFO]: Setting clock uncertainty to: 0.25
[INFO]: Setting clock transition to: 0.15
[INFO]: Setting timing derate to: 5.0 %
min_report

===========================================================================
report_checks -path_delay min (Hold)
============================================================================
======================= Typical Corner ===================================

Startpoint: _29_ (rising edge-triggered flip-flop clocked by clk)
Endpoint: _29_ (rising edge-triggered flip-flop clocked by clk)
Path Group: clk
Path Type: min

Fanout     Cap    Slew   Delay    Time   Description
-----------------------------------------------------------------------------
                  0.15    0.00    0.00   clock clk (rise edge)
                          0.00    0.00   clock network delay (ideal)
                  0.15    0.00    0.00 ^ _29_/CLK (sky130_fd_sc_hd__dfrtp_2)
     3    0.04    0.22    0.49    0.49 ^ _29_/Q (sky130_fd_sc_hd__dfrtp_2)
                                         count[3] (net)
                  0.22    0.00    0.49 ^ _18_/A (sky130_fd_sc_hd__xnor2_2)
     1    0.00    0.03    0.08    0.58 v _18_/Y (sky130_fd_sc_hd__xnor2_2)
                                         _03_ (net)
                  0.03    0.00    0.58 v _29_/D (sky130_fd_sc_hd__dfrtp_2)
                                  0.58   data arrival time

                  0.15    0.00    0.00   clock clk (rise edge)
                          0.00    0.00   clock network delay (ideal)
                          0.25    0.25   clock uncertainty
                          0.00    0.25   clock reconvergence pessimism
                                  0.25 ^ _29_/CLK (sky130_fd_sc_hd__dfrtp_2)
                         -0.01    0.24   library hold time
                                  0.24   data required time
-----------------------------------------------------------------------------
                                  0.24   data required time
                                 -0.58   data arrival time
-----------------------------------------------------------------------------
                                  0.34   slack (MET)


Startpoint: _26_ (rising edge-triggered flip-flop clocked by clk)
Endpoint: _27_ (rising edge-triggered flip-flop clocked by clk)
Path Group: clk
Path Type: min

Fanout     Cap    Slew   Delay    Time   Description
-----------------------------------------------------------------------------
                  0.15    0.00    0.00   clock clk (rise edge)
                          0.00    0.00   clock network delay (ideal)
                  0.15    0.00    0.00 ^ _26_/CLK (sky130_fd_sc_hd__dfrtp_2)
     6    0.05    0.26    0.52    0.52 ^ _26_/Q (sky130_fd_sc_hd__dfrtp_2)
                                         count[0] (net)
                  0.26    0.00    0.52 ^ _21_/B (sky130_fd_sc_hd__xor2_2)
     1    0.00    0.03    0.08    0.60 v _21_/X (sky130_fd_sc_hd__xor2_2)
                                         _01_ (net)
                  0.03    0.00    0.60 v _27_/D (sky130_fd_sc_hd__dfrtp_2)
                                  0.60   data arrival time

                  0.15    0.00    0.00   clock clk (rise edge)
                          0.00    0.00   clock network delay (ideal)
                          0.25    0.25   clock uncertainty
                          0.00    0.25   clock reconvergence pessimism
                                  0.25 ^ _27_/CLK (sky130_fd_sc_hd__dfrtp_2)
                         -0.01    0.24   library hold time
                                  0.24   data required time
-----------------------------------------------------------------------------
                                  0.24   data required time
                                 -0.60   data arrival time
-----------------------------------------------------------------------------
                                  0.36   slack (MET)


Startpoint: _26_ (rising edge-triggered flip-flop clocked by clk)
Endpoint: _26_ (rising edge-triggered flip-flop clocked by clk)
Path Group: clk
Path Type: min

Fanout     Cap    Slew   Delay    Time   Description
-----------------------------------------------------------------------------
                  0.15    0.00    0.00   clock clk (rise edge)
                          0.00    0.00   clock network delay (ideal)
                  0.15    0.00    0.00 ^ _26_/CLK (sky130_fd_sc_hd__dfrtp_2)
     6    0.05    0.15    0.51    0.51 v _26_/Q (sky130_fd_sc_hd__dfrtp_2)
                                         count[0] (net)
                  0.15    0.00    0.51 v _19_/A_N (sky130_fd_sc_hd__and2b_2)
     1    0.00    0.03    0.23    0.74 ^ _19_/X (sky130_fd_sc_hd__and2b_2)
                                         _12_ (net)
                  0.03    0.00    0.74 ^ _20_/A (sky130_fd_sc_hd__buf_1)
     1    0.00    0.04    0.07    0.81 ^ _20_/X (sky130_fd_sc_hd__buf_1)
                                         _00_ (net)
                  0.04    0.00    0.81 ^ _26_/D (sky130_fd_sc_hd__dfrtp_2)
                                  0.81   data arrival time

                  0.15    0.00    0.00   clock clk (rise edge)
                          0.00    0.00   clock network delay (ideal)
                          0.25    0.25   clock uncertainty
                          0.00    0.25   clock reconvergence pessimism
                                  0.25 ^ _26_/CLK (sky130_fd_sc_hd__dfrtp_2)
                         -0.02    0.23   library hold time
                                  0.23   data required time
-----------------------------------------------------------------------------
                                  0.23   data required time
                                 -0.81   data arrival time
-----------------------------------------------------------------------------
                                  0.57   slack (MET)


Startpoint: _28_ (rising edge-triggered flip-flop clocked by clk)
Endpoint: _28_ (rising edge-triggered flip-flop clocked by clk)
Path Group: clk
Path Type: min

Fanout     Cap    Slew   Delay    Time   Description
-----------------------------------------------------------------------------
                  0.15    0.00    0.00   clock clk (rise edge)
                          0.00    0.00   clock network delay (ideal)
                  0.15    0.00    0.00 ^ _28_/CLK (sky130_fd_sc_hd__dfrtp_2)
     4    0.04    0.21    0.49    0.49 ^ _28_/Q (sky130_fd_sc_hd__dfrtp_2)
                                         count[2] (net)
                  0.21    0.00    0.49 ^ _15_/B1 (sky130_fd_sc_hd__a21o_2)
     1    0.00    0.03    0.11    0.60 ^ _15_/X (sky130_fd_sc_hd__a21o_2)
                                         _10_ (net)
                  0.03    0.00    0.60 ^ _16_/C (sky130_fd_sc_hd__and3_2)
     1    0.00    0.04    0.15    0.75 ^ _16_/X (sky130_fd_sc_hd__and3_2)
                                         _11_ (net)
                  0.04    0.00    0.75 ^ _17_/A (sky130_fd_sc_hd__buf_1)
     1    0.00    0.04    0.07    0.81 ^ _17_/X (sky130_fd_sc_hd__buf_1)
                                         _02_ (net)
                  0.04    0.00    0.81 ^ _28_/D (sky130_fd_sc_hd__dfrtp_2)
                                  0.81   data arrival time

                  0.15    0.00    0.00   clock clk (rise edge)
                          0.00    0.00   clock network delay (ideal)
                          0.25    0.25   clock uncertainty
                          0.00    0.25   clock reconvergence pessimism
                                  0.25 ^ _28_/CLK (sky130_fd_sc_hd__dfrtp_2)
                         -0.02    0.23   library hold time
                                  0.23   data required time
-----------------------------------------------------------------------------
                                  0.23   data required time
                                 -0.81   data arrival time
-----------------------------------------------------------------------------
                                  0.58   slack (MET)


Startpoint: rst (input port clocked by clk)
Endpoint: _26_ (removal check against rising-edge clock clk)
Path Group: asynchronous
Path Type: min

Fanout     Cap    Slew   Delay    Time   Description
-----------------------------------------------------------------------------
                  0.15    0.00    0.00   clock clk (rise edge)
                          0.00    0.00   clock network delay (ideal)
                          2.00    2.00 v input external delay
     4    0.02    0.04    0.03    2.03 v rst (in)
                                         rst (net)
                  0.04    0.00    2.03 v _22_/A (sky130_fd_sc_hd__inv_2)
     1    0.00    0.03    0.04    2.07 ^ _22_/Y (sky130_fd_sc_hd__inv_2)
                                         _04_ (net)
                  0.03    0.00    2.07 ^ _26_/RESET_B (sky130_fd_sc_hd__dfrtp_2)
                                  2.07   data arrival time

                  0.15    0.00    0.00   clock clk (rise edge)
                          0.00    0.00   clock network delay (ideal)
                          0.25    0.25   clock uncertainty
                          0.00    0.25   clock reconvergence pessimism
                                  0.25 ^ _26_/CLK (sky130_fd_sc_hd__dfrtp_2)
                          0.34    0.59   library removal time
                                  0.59   data required time
-----------------------------------------------------------------------------
                                  0.59   data required time
                                 -2.07   data arrival time
-----------------------------------------------------------------------------
                                  1.47   slack (MET)


Startpoint: rst (input port clocked by clk)
Endpoint: _27_ (removal check against rising-edge clock clk)
Path Group: asynchronous
Path Type: min

Fanout     Cap    Slew   Delay    Time   Description
-----------------------------------------------------------------------------
                  0.15    0.00    0.00   clock clk (rise edge)
                          0.00    0.00   clock network delay (ideal)
                          2.00    2.00 v input external delay
     4    0.02    0.04    0.03    2.03 v rst (in)
                                         rst (net)
                  0.04    0.00    2.03 v _23_/A (sky130_fd_sc_hd__inv_2)
     1    0.00    0.03    0.04    2.07 ^ _23_/Y (sky130_fd_sc_hd__inv_2)
                                         _05_ (net)
                  0.03    0.00    2.07 ^ _27_/RESET_B (sky130_fd_sc_hd__dfrtp_2)
                                  2.07   data arrival time

                  0.15    0.00    0.00   clock clk (rise edge)
                          0.00    0.00   clock network delay (ideal)
                          0.25    0.25   clock uncertainty
                          0.00    0.25   clock reconvergence pessimism
                                  0.25 ^ _27_/CLK (sky130_fd_sc_hd__dfrtp_2)
                          0.34    0.59   library removal time
                                  0.59   data required time
-----------------------------------------------------------------------------
                                  0.59   data required time
                                 -2.07   data arrival time
-----------------------------------------------------------------------------
                                  1.47   slack (MET)


Startpoint: rst (input port clocked by clk)
Endpoint: _28_ (removal check against rising-edge clock clk)
Path Group: asynchronous
Path Type: min

Fanout     Cap    Slew   Delay    Time   Description
-----------------------------------------------------------------------------
                  0.15    0.00    0.00   clock clk (rise edge)
                          0.00    0.00   clock network delay (ideal)
                          2.00    2.00 v input external delay
     4    0.02    0.04    0.03    2.03 v rst (in)
                                         rst (net)
                  0.04    0.00    2.03 v _24_/A (sky130_fd_sc_hd__inv_2)
     1    0.00    0.03    0.04    2.07 ^ _24_/Y (sky130_fd_sc_hd__inv_2)
                                         _06_ (net)
                  0.03    0.00    2.07 ^ _28_/RESET_B (sky130_fd_sc_hd__dfrtp_2)
                                  2.07   data arrival time

                  0.15    0.00    0.00   clock clk (rise edge)
                          0.00    0.00   clock network delay (ideal)
                          0.25    0.25   clock uncertainty
                          0.00    0.25   clock reconvergence pessimism
                                  0.25 ^ _28_/CLK (sky130_fd_sc_hd__dfrtp_2)
                          0.34    0.59   library removal time
                                  0.59   data required time
-----------------------------------------------------------------------------
                                  0.59   data required time
                                 -2.07   data arrival time
-----------------------------------------------------------------------------
                                  1.47   slack (MET)


Startpoint: rst (input port clocked by clk)
Endpoint: _29_ (removal check against rising-edge clock clk)
Path Group: asynchronous
Path Type: min

Fanout     Cap    Slew   Delay    Time   Description
-----------------------------------------------------------------------------
                  0.15    0.00    0.00   clock clk (rise edge)
                          0.00    0.00   clock network delay (ideal)
                          2.00    2.00 v input external delay
     4    0.02    0.04    0.03    2.03 v rst (in)
                                         rst (net)
                  0.04    0.00    2.03 v _25_/A (sky130_fd_sc_hd__inv_2)
     1    0.00    0.03    0.04    2.07 ^ _25_/Y (sky130_fd_sc_hd__inv_2)
                                         _07_ (net)
                  0.03    0.00    2.07 ^ _29_/RESET_B (sky130_fd_sc_hd__dfrtp_2)
                                  2.07   data arrival time

                  0.15    0.00    0.00   clock clk (rise edge)
                          0.00    0.00   clock network delay (ideal)
                          0.25    0.25   clock uncertainty
                          0.00    0.25   clock reconvergence pessimism
                                  0.25 ^ _29_/CLK (sky130_fd_sc_hd__dfrtp_2)
                          0.34    0.59   library removal time
                                  0.59   data required time
-----------------------------------------------------------------------------
                                  0.59   data required time
                                 -2.07   data arrival time
-----------------------------------------------------------------------------
                                  1.47   slack (MET)


Startpoint: _28_ (rising edge-triggered flip-flop clocked by clk)
Endpoint: count[2] (output port clocked by clk)
Path Group: clk
Path Type: min

Fanout     Cap    Slew   Delay    Time   Description
-----------------------------------------------------------------------------
                  0.15    0.00    0.00   clock clk (rise edge)
                          0.00    0.00   clock network delay (ideal)
                  0.15    0.00    0.00 ^ _28_/CLK (sky130_fd_sc_hd__dfrtp_2)
     4    0.04    0.21    0.49    0.49 ^ _28_/Q (sky130_fd_sc_hd__dfrtp_2)
                                         count[2] (net)
                  0.21    0.00    0.49 ^ count[2] (out)
                                  0.49   data arrival time

                  0.15    0.00    0.00   clock clk (rise edge)
                          0.00    0.00   clock network delay (ideal)
                          0.25    0.25   clock uncertainty
                          0.00    0.25   clock reconvergence pessimism
                         -2.00   -1.75   output external delay
                                 -1.75   data required time
-----------------------------------------------------------------------------
                                 -1.75   data required time
                                 -0.49   data arrival time
-----------------------------------------------------------------------------
                                  2.24   slack (MET)


Startpoint: _29_ (rising edge-triggered flip-flop clocked by clk)
Endpoint: count[3] (output port clocked by clk)
Path Group: clk
Path Type: min

Fanout     Cap    Slew   Delay    Time   Description
-----------------------------------------------------------------------------
                  0.15    0.00    0.00   clock clk (rise edge)
                          0.00    0.00   clock network delay (ideal)
                  0.15    0.00    0.00 ^ _29_/CLK (sky130_fd_sc_hd__dfrtp_2)
     3    0.04    0.22    0.49    0.49 ^ _29_/Q (sky130_fd_sc_hd__dfrtp_2)
                                         count[3] (net)
                  0.22    0.00    0.49 ^ count[3] (out)
                                  0.49   data arrival time

                  0.15    0.00    0.00   clock clk (rise edge)
                          0.00    0.00   clock network delay (ideal)
                          0.25    0.25   clock uncertainty
                          0.00    0.25   clock reconvergence pessimism
                         -2.00   -1.75   output external delay
                                 -1.75   data required time
-----------------------------------------------------------------------------
                                 -1.75   data required time
                                 -0.49   data arrival time
-----------------------------------------------------------------------------
                                  2.24   slack (MET)


Startpoint: _27_ (rising edge-triggered flip-flop clocked by clk)
Endpoint: count[1] (output port clocked by clk)
Path Group: clk
Path Type: min

Fanout     Cap    Slew   Delay    Time   Description
-----------------------------------------------------------------------------
                  0.15    0.00    0.00   clock clk (rise edge)
                          0.00    0.00   clock network delay (ideal)
                  0.15    0.00    0.00 ^ _27_/CLK (sky130_fd_sc_hd__dfrtp_2)
     5    0.05    0.14    0.51    0.51 v _27_/Q (sky130_fd_sc_hd__dfrtp_2)
                                         count[1] (net)
                  0.14    0.00    0.51 v count[1] (out)
                                  0.51   data arrival time

                  0.15    0.00    0.00   clock clk (rise edge)
                          0.00    0.00   clock network delay (ideal)
                          0.25    0.25   clock uncertainty
                          0.00    0.25   clock reconvergence pessimism
                         -2.00   -1.75   output external delay
                                 -1.75   data required time
-----------------------------------------------------------------------------
                                 -1.75   data required time
                                 -0.51   data arrival time
-----------------------------------------------------------------------------
                                  2.26   slack (MET)


Startpoint: _26_ (rising edge-triggered flip-flop clocked by clk)
Endpoint: count[0] (output port clocked by clk)
Path Group: clk
Path Type: min

Fanout     Cap    Slew   Delay    Time   Description
-----------------------------------------------------------------------------
                  0.15    0.00    0.00   clock clk (rise edge)
                          0.00    0.00   clock network delay (ideal)
                  0.15    0.00    0.00 ^ _26_/CLK (sky130_fd_sc_hd__dfrtp_2)
     6    0.05    0.15    0.51    0.51 v _26_/Q (sky130_fd_sc_hd__dfrtp_2)
                                         count[0] (net)
                  0.15    0.00    0.51 v count[0] (out)
                                  0.51   data arrival time

                  0.15    0.00    0.00   clock clk (rise edge)
                          0.00    0.00   clock network delay (ideal)
                          0.25    0.25   clock uncertainty
                          0.00    0.25   clock reconvergence pessimism
                         -2.00   -1.75   output external delay
                                 -1.75   data required time
-----------------------------------------------------------------------------
                                 -1.75   data required time
                                 -0.51   data arrival time
-----------------------------------------------------------------------------
                                  2.26   slack (MET)



worst slack corner Typical: 0.3368
min_report_end
max_report

===========================================================================
report_checks -path_delay max (Setup)
============================================================================
======================= Typical Corner ===================================

Startpoint: _26_ (rising edge-triggered flip-flop clocked by clk)
Endpoint: count[0] (output port clocked by clk)
Path Group: clk
Path Type: max

Fanout     Cap    Slew   Delay    Time   Description
-----------------------------------------------------------------------------
                  0.15    0.00    0.00   clock clk (rise edge)
                          0.00    0.00   clock network delay (ideal)
                  0.15    0.00    0.00 ^ _26_/CLK (sky130_fd_sc_hd__dfrtp_2)
     6    0.05    0.26    0.57    0.57 ^ _26_/Q (sky130_fd_sc_hd__dfrtp_2)
                                         count[0] (net)
                  0.26    0.00    0.57 ^ count[0] (out)
                                  0.57   data arrival time

                  0.15   10.00   10.00   clock clk (rise edge)
                          0.00   10.00   clock network delay (ideal)
                         -0.25    9.75   clock uncertainty
                          0.00    9.75   clock reconvergence pessimism
                         -2.00    7.75   output external delay
                                  7.75   data required time
-----------------------------------------------------------------------------
                                  7.75   data required time
                                 -0.57   data arrival time
-----------------------------------------------------------------------------
                                  7.18   slack (MET)


Startpoint: _27_ (rising edge-triggered flip-flop clocked by clk)
Endpoint: count[1] (output port clocked by clk)
Path Group: clk
Path Type: max

Fanout     Cap    Slew   Delay    Time   Description
-----------------------------------------------------------------------------
                  0.15    0.00    0.00   clock clk (rise edge)
                          0.00    0.00   clock network delay (ideal)
                  0.15    0.00    0.00 ^ _27_/CLK (sky130_fd_sc_hd__dfrtp_2)
     5    0.05    0.25    0.57    0.57 ^ _27_/Q (sky130_fd_sc_hd__dfrtp_2)
                                         count[1] (net)
                  0.25    0.00    0.57 ^ count[1] (out)
                                  0.57   data arrival time

                  0.15   10.00   10.00   clock clk (rise edge)
                          0.00   10.00   clock network delay (ideal)
                         -0.25    9.75   clock uncertainty
                          0.00    9.75   clock reconvergence pessimism
                         -2.00    7.75   output external delay
                                  7.75   data required time
-----------------------------------------------------------------------------
                                  7.75   data required time
                                 -0.57   data arrival time
-----------------------------------------------------------------------------
                                  7.18   slack (MET)


Startpoint: _29_ (rising edge-triggered flip-flop clocked by clk)
Endpoint: count[3] (output port clocked by clk)
Path Group: clk
Path Type: max

Fanout     Cap    Slew   Delay    Time   Description
-----------------------------------------------------------------------------
                  0.15    0.00    0.00   clock clk (rise edge)
                          0.00    0.00   clock network delay (ideal)
                  0.15    0.00    0.00 ^ _29_/CLK (sky130_fd_sc_hd__dfrtp_2)
     3    0.04    0.13    0.55    0.55 v _29_/Q (sky130_fd_sc_hd__dfrtp_2)
                                         count[3] (net)
                  0.13    0.00    0.55 v count[3] (out)
                                  0.55   data arrival time

                  0.15   10.00   10.00   clock clk (rise edge)
                          0.00   10.00   clock network delay (ideal)
                         -0.25    9.75   clock uncertainty
                          0.00    9.75   clock reconvergence pessimism
                         -2.00    7.75   output external delay
                                  7.75   data required time
-----------------------------------------------------------------------------
                                  7.75   data required time
                                 -0.55   data arrival time
-----------------------------------------------------------------------------
                                  7.20   slack (MET)


Startpoint: _28_ (rising edge-triggered flip-flop clocked by clk)
Endpoint: count[2] (output port clocked by clk)
Path Group: clk
Path Type: max

Fanout     Cap    Slew   Delay    Time   Description
-----------------------------------------------------------------------------
                  0.15    0.00    0.00   clock clk (rise edge)
                          0.00    0.00   clock network delay (ideal)
                  0.15    0.00    0.00 ^ _28_/CLK (sky130_fd_sc_hd__dfrtp_2)
     4    0.04    0.13    0.55    0.55 v _28_/Q (sky130_fd_sc_hd__dfrtp_2)
                                         count[2] (net)
                  0.13    0.00    0.55 v count[2] (out)
                                  0.55   data arrival time

                  0.15   10.00   10.00   clock clk (rise edge)
                          0.00   10.00   clock network delay (ideal)
                         -0.25    9.75   clock uncertainty
                          0.00    9.75   clock reconvergence pessimism
                         -2.00    7.75   output external delay
                                  7.75   data required time
-----------------------------------------------------------------------------
                                  7.75   data required time
                                 -0.55   data arrival time
-----------------------------------------------------------------------------
                                  7.20   slack (MET)


Startpoint: rst (input port clocked by clk)
Endpoint: _26_ (recovery check against rising-edge clock clk)
Path Group: asynchronous
Path Type: max

Fanout     Cap    Slew   Delay    Time   Description
-----------------------------------------------------------------------------
                  0.15    0.00    0.00   clock clk (rise edge)
                          0.00    0.00   clock network delay (ideal)
                          2.00    2.00 v input external delay
     4    0.02    0.04    0.03    2.03 v rst (in)
                                         rst (net)
                  0.04    0.00    2.03 v _22_/A (sky130_fd_sc_hd__inv_2)
     1    0.00    0.03    0.04    2.07 ^ _22_/Y (sky130_fd_sc_hd__inv_2)
                                         _04_ (net)
                  0.03    0.00    2.07 ^ _26_/RESET_B (sky130_fd_sc_hd__dfrtp_2)
                                  2.07   data arrival time

                  0.15   10.00   10.00   clock clk (rise edge)
                          0.00   10.00   clock network delay (ideal)
                         -0.25    9.75   clock uncertainty
                          0.00    9.75   clock reconvergence pessimism
                                  9.75 ^ _26_/CLK (sky130_fd_sc_hd__dfrtp_2)
                          0.26   10.01   library recovery time
                                 10.01   data required time
-----------------------------------------------------------------------------
                                 10.01   data required time
                                 -2.07   data arrival time
-----------------------------------------------------------------------------
                                  7.94   slack (MET)


Startpoint: rst (input port clocked by clk)
Endpoint: _27_ (recovery check against rising-edge clock clk)
Path Group: asynchronous
Path Type: max

Fanout     Cap    Slew   Delay    Time   Description
-----------------------------------------------------------------------------
                  0.15    0.00    0.00   clock clk (rise edge)
                          0.00    0.00   clock network delay (ideal)
                          2.00    2.00 v input external delay
     4    0.02    0.04    0.03    2.03 v rst (in)
                                         rst (net)
                  0.04    0.00    2.03 v _23_/A (sky130_fd_sc_hd__inv_2)
     1    0.00    0.03    0.04    2.07 ^ _23_/Y (sky130_fd_sc_hd__inv_2)
                                         _05_ (net)
                  0.03    0.00    2.07 ^ _27_/RESET_B (sky130_fd_sc_hd__dfrtp_2)
                                  2.07   data arrival time

                  0.15   10.00   10.00   clock clk (rise edge)
                          0.00   10.00   clock network delay (ideal)
                         -0.25    9.75   clock uncertainty
                          0.00    9.75   clock reconvergence pessimism
                                  9.75 ^ _27_/CLK (sky130_fd_sc_hd__dfrtp_2)
                          0.26   10.01   library recovery time
                                 10.01   data required time
-----------------------------------------------------------------------------
                                 10.01   data required time
                                 -2.07   data arrival time
-----------------------------------------------------------------------------
                                  7.94   slack (MET)


Startpoint: rst (input port clocked by clk)
Endpoint: _28_ (recovery check against rising-edge clock clk)
Path Group: asynchronous
Path Type: max

Fanout     Cap    Slew   Delay    Time   Description
-----------------------------------------------------------------------------
                  0.15    0.00    0.00   clock clk (rise edge)
                          0.00    0.00   clock network delay (ideal)
                          2.00    2.00 v input external delay
     4    0.02    0.04    0.03    2.03 v rst (in)
                                         rst (net)
                  0.04    0.00    2.03 v _24_/A (sky130_fd_sc_hd__inv_2)
     1    0.00    0.03    0.04    2.07 ^ _24_/Y (sky130_fd_sc_hd__inv_2)
                                         _06_ (net)
                  0.03    0.00    2.07 ^ _28_/RESET_B (sky130_fd_sc_hd__dfrtp_2)
                                  2.07   data arrival time

                  0.15   10.00   10.00   clock clk (rise edge)
                          0.00   10.00   clock network delay (ideal)
                         -0.25    9.75   clock uncertainty
                          0.00    9.75   clock reconvergence pessimism
                                  9.75 ^ _28_/CLK (sky130_fd_sc_hd__dfrtp_2)
                          0.26   10.01   library recovery time
                                 10.01   data required time
-----------------------------------------------------------------------------
                                 10.01   data required time
                                 -2.07   data arrival time
-----------------------------------------------------------------------------
                                  7.94   slack (MET)


Startpoint: rst (input port clocked by clk)
Endpoint: _29_ (recovery check against rising-edge clock clk)
Path Group: asynchronous
Path Type: max

Fanout     Cap    Slew   Delay    Time   Description
-----------------------------------------------------------------------------
                  0.15    0.00    0.00   clock clk (rise edge)
                          0.00    0.00   clock network delay (ideal)
                          2.00    2.00 v input external delay
     4    0.02    0.04    0.03    2.03 v rst (in)
                                         rst (net)
                  0.04    0.00    2.03 v _25_/A (sky130_fd_sc_hd__inv_2)
     1    0.00    0.03    0.04    2.07 ^ _25_/Y (sky130_fd_sc_hd__inv_2)
                                         _07_ (net)
                  0.03    0.00    2.07 ^ _29_/RESET_B (sky130_fd_sc_hd__dfrtp_2)
                                  2.07   data arrival time

                  0.15   10.00   10.00   clock clk (rise edge)
                          0.00   10.00   clock network delay (ideal)
                         -0.25    9.75   clock uncertainty
                          0.00    9.75   clock reconvergence pessimism
                                  9.75 ^ _29_/CLK (sky130_fd_sc_hd__dfrtp_2)
                          0.26   10.01   library recovery time
                                 10.01   data required time
-----------------------------------------------------------------------------
                                 10.01   data required time
                                 -2.07   data arrival time
-----------------------------------------------------------------------------
                                  7.94   slack (MET)


Startpoint: _27_ (rising edge-triggered flip-flop clocked by clk)
Endpoint: _28_ (rising edge-triggered flip-flop clocked by clk)
Path Group: clk
Path Type: max

Fanout     Cap    Slew   Delay    Time   Description
-----------------------------------------------------------------------------
                  0.15    0.00    0.00   clock clk (rise edge)
                          0.00    0.00   clock network delay (ideal)
                  0.15    0.00    0.00 ^ _27_/CLK (sky130_fd_sc_hd__dfrtp_2)
     5    0.05    0.14    0.56    0.56 v _27_/Q (sky130_fd_sc_hd__dfrtp_2)
                                         count[1] (net)
                  0.14    0.00    0.56 v _14_/A (sky130_fd_sc_hd__or4b_2)
     2    0.00    0.10    0.72    1.29 v _14_/X (sky130_fd_sc_hd__or4b_2)
                                         _09_ (net)
                  0.10    0.00    1.29 v _16_/B (sky130_fd_sc_hd__and3_2)
     1    0.00    0.04    0.22    1.50 v _16_/X (sky130_fd_sc_hd__and3_2)
                                         _11_ (net)
                  0.04    0.00    1.50 v _17_/A (sky130_fd_sc_hd__buf_1)
     1    0.00    0.02    0.08    1.59 v _17_/X (sky130_fd_sc_hd__buf_1)
                                         _02_ (net)
                  0.02    0.00    1.59 v _28_/D (sky130_fd_sc_hd__dfrtp_2)
                                  1.59   data arrival time

                  0.15   10.00   10.00   clock clk (rise edge)
                          0.00   10.00   clock network delay (ideal)
                         -0.25    9.75   clock uncertainty
                          0.00    9.75   clock reconvergence pessimism
                                  9.75 ^ _28_/CLK (sky130_fd_sc_hd__dfrtp_2)
                         -0.08    9.67   library setup time
                                  9.67   data required time
-----------------------------------------------------------------------------
                                  9.67   data required time
                                 -1.59   data arrival time
-----------------------------------------------------------------------------
                                  8.08   slack (MET)


Startpoint: _27_ (rising edge-triggered flip-flop clocked by clk)
Endpoint: _26_ (rising edge-triggered flip-flop clocked by clk)
Path Group: clk
Path Type: max

Fanout     Cap    Slew   Delay    Time   Description
-----------------------------------------------------------------------------
                  0.15    0.00    0.00   clock clk (rise edge)
                          0.00    0.00   clock network delay (ideal)
                  0.15    0.00    0.00 ^ _27_/CLK (sky130_fd_sc_hd__dfrtp_2)
     5    0.05    0.14    0.56    0.56 v _27_/Q (sky130_fd_sc_hd__dfrtp_2)
                                         count[1] (net)
                  0.14    0.00    0.56 v _14_/A (sky130_fd_sc_hd__or4b_2)
     2    0.00    0.10    0.72    1.29 v _14_/X (sky130_fd_sc_hd__or4b_2)
                                         _09_ (net)
                  0.10    0.00    1.29 v _19_/B (sky130_fd_sc_hd__and2b_2)
     1    0.00    0.03    0.22    1.50 v _19_/X (sky130_fd_sc_hd__and2b_2)
                                         _12_ (net)
                  0.03    0.00    1.50 v _20_/A (sky130_fd_sc_hd__buf_1)
     1    0.00    0.02    0.08    1.58 v _20_/X (sky130_fd_sc_hd__buf_1)
                                         _00_ (net)
                  0.02    0.00    1.58 v _26_/D (sky130_fd_sc_hd__dfrtp_2)
                                  1.58   data arrival time

                  0.15   10.00   10.00   clock clk (rise edge)
                          0.00   10.00   clock network delay (ideal)
                         -0.25    9.75   clock uncertainty
                          0.00    9.75   clock reconvergence pessimism
                                  9.75 ^ _26_/CLK (sky130_fd_sc_hd__dfrtp_2)
                         -0.08    9.67   library setup time
                                  9.67   data required time
-----------------------------------------------------------------------------
                                  9.67   data required time
                                 -1.58   data arrival time
-----------------------------------------------------------------------------
                                  8.08   slack (MET)


Startpoint: _26_ (rising edge-triggered flip-flop clocked by clk)
Endpoint: _29_ (rising edge-triggered flip-flop clocked by clk)
Path Group: clk
Path Type: max

Fanout     Cap    Slew   Delay    Time   Description
-----------------------------------------------------------------------------
                  0.15    0.00    0.00   clock clk (rise edge)
                          0.00    0.00   clock network delay (ideal)
                  0.15    0.00    0.00 ^ _26_/CLK (sky130_fd_sc_hd__dfrtp_2)
     6    0.05    0.26    0.57    0.57 ^ _26_/Q (sky130_fd_sc_hd__dfrtp_2)
                                         count[0] (net)
                  0.26    0.00    0.57 ^ _13_/B (sky130_fd_sc_hd__nand3_2)
     2    0.01    0.11    0.15    0.72 v _13_/Y (sky130_fd_sc_hd__nand3_2)
                                         _08_ (net)
                  0.11    0.00    0.72 v _18_/B (sky130_fd_sc_hd__xnor2_2)
     1    0.00    0.05    0.15    0.87 v _18_/Y (sky130_fd_sc_hd__xnor2_2)
                                         _03_ (net)
                  0.05    0.00    0.87 v _29_/D (sky130_fd_sc_hd__dfrtp_2)
                                  0.87   data arrival time

                  0.15   10.00   10.00   clock clk (rise edge)
                          0.00   10.00   clock network delay (ideal)
                         -0.25    9.75   clock uncertainty
                          0.00    9.75   clock reconvergence pessimism
                                  9.75 ^ _29_/CLK (sky130_fd_sc_hd__dfrtp_2)
                         -0.09    9.66   library setup time
                                  9.66   data required time
-----------------------------------------------------------------------------
                                  9.66   data required time
                                 -0.87   data arrival time
-----------------------------------------------------------------------------
                                  8.79   slack (MET)


Startpoint: _27_ (rising edge-triggered flip-flop clocked by clk)
Endpoint: _27_ (rising edge-triggered flip-flop clocked by clk)
Path Group: clk
Path Type: max

Fanout     Cap    Slew   Delay    Time   Description
-----------------------------------------------------------------------------
                  0.15    0.00    0.00   clock clk (rise edge)
                          0.00    0.00   clock network delay (ideal)
                  0.15    0.00    0.00 ^ _27_/CLK (sky130_fd_sc_hd__dfrtp_2)
     5    0.05    0.14    0.56    0.56 v _27_/Q (sky130_fd_sc_hd__dfrtp_2)
                                         count[1] (net)
                  0.14    0.00    0.56 v _21_/A (sky130_fd_sc_hd__xor2_2)
     1    0.00    0.06    0.21    0.77 v _21_/X (sky130_fd_sc_hd__xor2_2)
                                         _01_ (net)
                  0.06    0.00    0.77 v _27_/D (sky130_fd_sc_hd__dfrtp_2)
                                  0.77   data arrival time

                  0.15   10.00   10.00   clock clk (rise edge)
                          0.00   10.00   clock network delay (ideal)
                         -0.25    9.75   clock uncertainty
                          0.00    9.75   clock reconvergence pessimism
                                  9.75 ^ _27_/CLK (sky130_fd_sc_hd__dfrtp_2)
                         -0.10    9.65   library setup time
                                  9.65   data required time
-----------------------------------------------------------------------------
                                  9.65   data required time
                                 -0.77   data arrival time
-----------------------------------------------------------------------------
                                  8.88   slack (MET)



worst slack corner Typical: 7.1779
max_report_end
checks_report

===========================================================================
report_checks -unconstrained
===========================================================================
======================= Typical Corner ===================================

Startpoint: rst (input port clocked by clk)
Endpoint: _26_ (recovery check against rising-edge clock clk)
Path Group: asynchronous
Path Type: max

Fanout     Cap    Slew   Delay    Time   Description
-----------------------------------------------------------------------------
                  0.15    0.00    0.00   clock clk (rise edge)
                          0.00    0.00   clock network delay (ideal)
                          2.00    2.00 v input external delay
     4    0.02    0.04    0.03    2.03 v rst (in)
                                         rst (net)
                  0.04    0.00    2.03 v _22_/A (sky130_fd_sc_hd__inv_2)
     1    0.00    0.03    0.04    2.07 ^ _22_/Y (sky130_fd_sc_hd__inv_2)
                                         _04_ (net)
                  0.03    0.00    2.07 ^ _26_/RESET_B (sky130_fd_sc_hd__dfrtp_2)
                                  2.07   data arrival time

                  0.15   10.00   10.00   clock clk (rise edge)
                          0.00   10.00   clock network delay (ideal)
                         -0.25    9.75   clock uncertainty
                          0.00    9.75   clock reconvergence pessimism
                                  9.75 ^ _26_/CLK (sky130_fd_sc_hd__dfrtp_2)
                          0.26   10.01   library recovery time
                                 10.01   data required time
-----------------------------------------------------------------------------
                                 10.01   data required time
                                 -2.07   data arrival time
-----------------------------------------------------------------------------
                                  7.94   slack (MET)


Startpoint: _26_ (rising edge-triggered flip-flop clocked by clk)
Endpoint: count[0] (output port clocked by clk)
Path Group: clk
Path Type: max

Fanout     Cap    Slew   Delay    Time   Description
-----------------------------------------------------------------------------
                  0.15    0.00    0.00   clock clk (rise edge)
                          0.00    0.00   clock network delay (ideal)
                  0.15    0.00    0.00 ^ _26_/CLK (sky130_fd_sc_hd__dfrtp_2)
     6    0.05    0.26    0.57    0.57 ^ _26_/Q (sky130_fd_sc_hd__dfrtp_2)
                                         count[0] (net)
                  0.26    0.00    0.57 ^ count[0] (out)
                                  0.57   data arrival time

                  0.15   10.00   10.00   clock clk (rise edge)
                          0.00   10.00   clock network delay (ideal)
                         -0.25    9.75   clock uncertainty
                          0.00    9.75   clock reconvergence pessimism
                         -2.00    7.75   output external delay
                                  7.75   data required time
-----------------------------------------------------------------------------
                                  7.75   data required time
                                 -0.57   data arrival time
-----------------------------------------------------------------------------
                                  7.18   slack (MET)




===========================================================================
report_checks --slack_max -0.01
============================================================================
======================= Typical Corner ===================================

No paths found.


===========================================================================
 report_check_types -max_slew -max_cap -max_fanout -violators
============================================================================
======================= Typical Corner ===================================


max slew violations count Typical: 0
max fanout violations count Typical: 0
max cap violations count Typical: 0

===========================================================================
report_parasitic_annotation -report_unannotated
============================================================================
Found 19 unannotated drivers.
 clk
 rst
 _13_/Y
 _14_/X
 _15_/X
 _16_/X
 _17_/X
 _18_/Y
 _19_/X
 _20_/X
 _21_/X
 _22_/Y
 _23_/Y
 _24_/Y
 _25_/Y
 _26_/Q
 _27_/Q
 _28_/Q
 _29_/Q
Found 0 partially unannotated drivers.

===========================================================================
max slew violation count 0
max fanout violation count 0
max cap violation count 0
============================================================================

===========================================================================
check_setup -verbose -unconstrained_endpoints -multiple_clock -no_clock -no_input_delay -loops -generated_clocks
===========================================================================
checks_report_end
power_report

===========================================================================
 report_power
============================================================================
======================= Typical Corner ===================================

Group                  Internal  Switching    Leakage      Total
                          Power      Power      Power      Power (Watts)
----------------------------------------------------------------
Sequential             1.62e-05   0.00e+00   4.32e-11   1.62e-05  97.7%
Combinational          1.53e-07   2.34e-07   5.01e-11   3.87e-07   2.3%
Clock                  0.00e+00   0.00e+00   0.00e+00   0.00e+00   0.0%
Macro                  0.00e+00   0.00e+00   0.00e+00   0.00e+00   0.0%
Pad                    0.00e+00   0.00e+00   0.00e+00   0.00e+00   0.0%
----------------------------------------------------------------
Total                  1.63e-05   2.34e-07   9.32e-11   1.66e-05 100.0%
                          98.6%       1.4%       0.0%

power_report_end
skew_report

===========================================================================
report_clock_skew
============================================================================
Clock clk
Latency      CRPR       Skew
_26_/CLK ^
   0.03
_26_/CLK ^
   0.02      0.00       0.00

skew_report_end
summary_report

===========================================================================
report_tns
============================================================================
tns 0.00

===========================================================================
report_wns
============================================================================
wns 0.00

===========================================================================
report_worst_slack -max (Setup)
============================================================================
worst slack 7.18

===========================================================================
report_worst_slack -min (Hold)
============================================================================
worst slack 0.34
summary_report_end
check_nonpropagated_clocks
clk
check_nonpropagated_clocks_end
[WARNING] Did not save OpenROAD database!
Writing SDF to '/openlane/designs/ZeroToFiveCounter/runs/RUN_2025.06.02_20.18.14/results/synthesis/TopModule.sdf'…
