
===========================================================================
report_checks -path_delay max (Setup)
============================================================================
======================= Typical Corner ===================================

Startpoint: _26_ (rising edge-triggered flip-flop clocked by clk)
Endpoint: count[0] (output port clocked by clk)
Path Group: clk
Path Type: max

Fanout     Cap    Slew   Delay    Time   Description
-----------------------------------------------------------------------------
                  0.15    0.00    0.00   clock clk (rise edge)
                          0.00    0.00   clock network delay (ideal)
                  0.15    0.00    0.00 ^ _26_/CLK (sky130_fd_sc_hd__dfrtp_2)
     6    0.05    0.26    0.57    0.57 ^ _26_/Q (sky130_fd_sc_hd__dfrtp_2)
                                         count[0] (net)
                  0.26    0.00    0.57 ^ count[0] (out)
                                  0.57   data arrival time

                  0.15   10.00   10.00   clock clk (rise edge)
                          0.00   10.00   clock network delay (ideal)
                         -0.25    9.75   clock uncertainty
                          0.00    9.75   clock reconvergence pessimism
                         -2.00    7.75   output external delay
                                  7.75   data required time
-----------------------------------------------------------------------------
                                  7.75   data required time
                                 -0.57   data arrival time
-----------------------------------------------------------------------------
                                  7.18   slack (MET)


Startpoint: _27_ (rising edge-triggered flip-flop clocked by clk)
Endpoint: count[1] (output port clocked by clk)
Path Group: clk
Path Type: max

Fanout     Cap    Slew   Delay    Time   Description
-----------------------------------------------------------------------------
                  0.15    0.00    0.00   clock clk (rise edge)
                          0.00    0.00   clock network delay (ideal)
                  0.15    0.00    0.00 ^ _27_/CLK (sky130_fd_sc_hd__dfrtp_2)
     5    0.05    0.25    0.57    0.57 ^ _27_/Q (sky130_fd_sc_hd__dfrtp_2)
                                         count[1] (net)
                  0.25    0.00    0.57 ^ count[1] (out)
                                  0.57   data arrival time

                  0.15   10.00   10.00   clock clk (rise edge)
                          0.00   10.00   clock network delay (ideal)
                         -0.25    9.75   clock uncertainty
                          0.00    9.75   clock reconvergence pessimism
                         -2.00    7.75   output external delay
                                  7.75   data required time
-----------------------------------------------------------------------------
                                  7.75   data required time
                                 -0.57   data arrival time
-----------------------------------------------------------------------------
                                  7.18   slack (MET)


Startpoint: _29_ (rising edge-triggered flip-flop clocked by clk)
Endpoint: count[3] (output port clocked by clk)
Path Group: clk
Path Type: max

Fanout     Cap    Slew   Delay    Time   Description
-----------------------------------------------------------------------------
                  0.15    0.00    0.00   clock clk (rise edge)
                          0.00    0.00   clock network delay (ideal)
                  0.15    0.00    0.00 ^ _29_/CLK (sky130_fd_sc_hd__dfrtp_2)
     3    0.04    0.13    0.55    0.55 v _29_/Q (sky130_fd_sc_hd__dfrtp_2)
                                         count[3] (net)
                  0.13    0.00    0.55 v count[3] (out)
                                  0.55   data arrival time

                  0.15   10.00   10.00   clock clk (rise edge)
                          0.00   10.00   clock network delay (ideal)
                         -0.25    9.75   clock uncertainty
                          0.00    9.75   clock reconvergence pessimism
                         -2.00    7.75   output external delay
                                  7.75   data required time
-----------------------------------------------------------------------------
                                  7.75   data required time
                                 -0.55   data arrival time
-----------------------------------------------------------------------------
                                  7.20   slack (MET)


Startpoint: _28_ (rising edge-triggered flip-flop clocked by clk)
Endpoint: count[2] (output port clocked by clk)
Path Group: clk
Path Type: max

Fanout     Cap    Slew   Delay    Time   Description
-----------------------------------------------------------------------------
                  0.15    0.00    0.00   clock clk (rise edge)
                          0.00    0.00   clock network delay (ideal)
                  0.15    0.00    0.00 ^ _28_/CLK (sky130_fd_sc_hd__dfrtp_2)
     4    0.04    0.13    0.55    0.55 v _28_/Q (sky130_fd_sc_hd__dfrtp_2)
                                         count[2] (net)
                  0.13    0.00    0.55 v count[2] (out)
                                  0.55   data arrival time

                  0.15   10.00   10.00   clock clk (rise edge)
                          0.00   10.00   clock network delay (ideal)
                         -0.25    9.75   clock uncertainty
                          0.00    9.75   clock reconvergence pessimism
                         -2.00    7.75   output external delay
                                  7.75   data required time
-----------------------------------------------------------------------------
                                  7.75   data required time
                                 -0.55   data arrival time
-----------------------------------------------------------------------------
                                  7.20   slack (MET)


Startpoint: rst (input port clocked by clk)
Endpoint: _26_ (recovery check against rising-edge clock clk)
Path Group: asynchronous
Path Type: max

Fanout     Cap    Slew   Delay    Time   Description
-----------------------------------------------------------------------------
                  0.15    0.00    0.00   clock clk (rise edge)
                          0.00    0.00   clock network delay (ideal)
                          2.00    2.00 v input external delay
     4    0.02    0.04    0.03    2.03 v rst (in)
                                         rst (net)
                  0.04    0.00    2.03 v _22_/A (sky130_fd_sc_hd__inv_2)
     1    0.00    0.03    0.04    2.07 ^ _22_/Y (sky130_fd_sc_hd__inv_2)
                                         _04_ (net)
                  0.03    0.00    2.07 ^ _26_/RESET_B (sky130_fd_sc_hd__dfrtp_2)
                                  2.07   data arrival time

                  0.15   10.00   10.00   clock clk (rise edge)
                          0.00   10.00   clock network delay (ideal)
                         -0.25    9.75   clock uncertainty
                          0.00    9.75   clock reconvergence pessimism
                                  9.75 ^ _26_/CLK (sky130_fd_sc_hd__dfrtp_2)
                          0.26   10.01   library recovery time
                                 10.01   data required time
-----------------------------------------------------------------------------
                                 10.01   data required time
                                 -2.07   data arrival time
-----------------------------------------------------------------------------
                                  7.94   slack (MET)


Startpoint: rst (input port clocked by clk)
Endpoint: _27_ (recovery check against rising-edge clock clk)
Path Group: asynchronous
Path Type: max

Fanout     Cap    Slew   Delay    Time   Description
-----------------------------------------------------------------------------
                  0.15    0.00    0.00   clock clk (rise edge)
                          0.00    0.00   clock network delay (ideal)
                          2.00    2.00 v input external delay
     4    0.02    0.04    0.03    2.03 v rst (in)
                                         rst (net)
                  0.04    0.00    2.03 v _23_/A (sky130_fd_sc_hd__inv_2)
     1    0.00    0.03    0.04    2.07 ^ _23_/Y (sky130_fd_sc_hd__inv_2)
                                         _05_ (net)
                  0.03    0.00    2.07 ^ _27_/RESET_B (sky130_fd_sc_hd__dfrtp_2)
                                  2.07   data arrival time

                  0.15   10.00   10.00   clock clk (rise edge)
                          0.00   10.00   clock network delay (ideal)
                         -0.25    9.75   clock uncertainty
                          0.00    9.75   clock reconvergence pessimism
                                  9.75 ^ _27_/CLK (sky130_fd_sc_hd__dfrtp_2)
                          0.26   10.01   library recovery time
                                 10.01   data required time
-----------------------------------------------------------------------------
                                 10.01   data required time
                                 -2.07   data arrival time
-----------------------------------------------------------------------------
                                  7.94   slack (MET)


Startpoint: rst (input port clocked by clk)
Endpoint: _28_ (recovery check against rising-edge clock clk)
Path Group: asynchronous
Path Type: max

Fanout     Cap    Slew   Delay    Time   Description
-----------------------------------------------------------------------------
                  0.15    0.00    0.00   clock clk (rise edge)
                          0.00    0.00   clock network delay (ideal)
                          2.00    2.00 v input external delay
     4    0.02    0.04    0.03    2.03 v rst (in)
                                         rst (net)
                  0.04    0.00    2.03 v _24_/A (sky130_fd_sc_hd__inv_2)
     1    0.00    0.03    0.04    2.07 ^ _24_/Y (sky130_fd_sc_hd__inv_2)
                                         _06_ (net)
                  0.03    0.00    2.07 ^ _28_/RESET_B (sky130_fd_sc_hd__dfrtp_2)
                                  2.07   data arrival time

                  0.15   10.00   10.00   clock clk (rise edge)
                          0.00   10.00   clock network delay (ideal)
                         -0.25    9.75   clock uncertainty
                          0.00    9.75   clock reconvergence pessimism
                                  9.75 ^ _28_/CLK (sky130_fd_sc_hd__dfrtp_2)
                          0.26   10.01   library recovery time
                                 10.01   data required time
-----------------------------------------------------------------------------
                                 10.01   data required time
                                 -2.07   data arrival time
-----------------------------------------------------------------------------
                                  7.94   slack (MET)


Startpoint: rst (input port clocked by clk)
Endpoint: _29_ (recovery check against rising-edge clock clk)
Path Group: asynchronous
Path Type: max

Fanout     Cap    Slew   Delay    Time   Description
-----------------------------------------------------------------------------
                  0.15    0.00    0.00   clock clk (rise edge)
                          0.00    0.00   clock network delay (ideal)
                          2.00    2.00 v input external delay
     4    0.02    0.04    0.03    2.03 v rst (in)
                                         rst (net)
                  0.04    0.00    2.03 v _25_/A (sky130_fd_sc_hd__inv_2)
     1    0.00    0.03    0.04    2.07 ^ _25_/Y (sky130_fd_sc_hd__inv_2)
                                         _07_ (net)
                  0.03    0.00    2.07 ^ _29_/RESET_B (sky130_fd_sc_hd__dfrtp_2)
                                  2.07   data arrival time

                  0.15   10.00   10.00   clock clk (rise edge)
                          0.00   10.00   clock network delay (ideal)
                         -0.25    9.75   clock uncertainty
                          0.00    9.75   clock reconvergence pessimism
                                  9.75 ^ _29_/CLK (sky130_fd_sc_hd__dfrtp_2)
                          0.26   10.01   library recovery time
                                 10.01   data required time
-----------------------------------------------------------------------------
                                 10.01   data required time
                                 -2.07   data arrival time
-----------------------------------------------------------------------------
                                  7.94   slack (MET)


Startpoint: _27_ (rising edge-triggered flip-flop clocked by clk)
Endpoint: _28_ (rising edge-triggered flip-flop clocked by clk)
Path Group: clk
Path Type: max

Fanout     Cap    Slew   Delay    Time   Description
-----------------------------------------------------------------------------
                  0.15    0.00    0.00   clock clk (rise edge)
                          0.00    0.00   clock network delay (ideal)
                  0.15    0.00    0.00 ^ _27_/CLK (sky130_fd_sc_hd__dfrtp_2)
     5    0.05    0.14    0.56    0.56 v _27_/Q (sky130_fd_sc_hd__dfrtp_2)
                                         count[1] (net)
                  0.14    0.00    0.56 v _14_/A (sky130_fd_sc_hd__or4b_2)
     2    0.00    0.10    0.72    1.29 v _14_/X (sky130_fd_sc_hd__or4b_2)
                                         _09_ (net)
                  0.10    0.00    1.29 v _16_/B (sky130_fd_sc_hd__and3_2)
     1    0.00    0.04    0.22    1.50 v _16_/X (sky130_fd_sc_hd__and3_2)
                                         _11_ (net)
                  0.04    0.00    1.50 v _17_/A (sky130_fd_sc_hd__buf_1)
     1    0.00    0.02    0.08    1.59 v _17_/X (sky130_fd_sc_hd__buf_1)
                                         _02_ (net)
                  0.02    0.00    1.59 v _28_/D (sky130_fd_sc_hd__dfrtp_2)
                                  1.59   data arrival time

                  0.15   10.00   10.00   clock clk (rise edge)
                          0.00   10.00   clock network delay (ideal)
                         -0.25    9.75   clock uncertainty
                          0.00    9.75   clock reconvergence pessimism
                                  9.75 ^ _28_/CLK (sky130_fd_sc_hd__dfrtp_2)
                         -0.08    9.67   library setup time
                                  9.67   data required time
-----------------------------------------------------------------------------
                                  9.67   data required time
                                 -1.59   data arrival time
-----------------------------------------------------------------------------
                                  8.08   slack (MET)


Startpoint: _27_ (rising edge-triggered flip-flop clocked by clk)
Endpoint: _26_ (rising edge-triggered flip-flop clocked by clk)
Path Group: clk
Path Type: max

Fanout     Cap    Slew   Delay    Time   Description
-----------------------------------------------------------------------------
                  0.15    0.00    0.00   clock clk (rise edge)
                          0.00    0.00   clock network delay (ideal)
                  0.15    0.00    0.00 ^ _27_/CLK (sky130_fd_sc_hd__dfrtp_2)
     5    0.05    0.14    0.56    0.56 v _27_/Q (sky130_fd_sc_hd__dfrtp_2)
                                         count[1] (net)
                  0.14    0.00    0.56 v _14_/A (sky130_fd_sc_hd__or4b_2)
     2    0.00    0.10    0.72    1.29 v _14_/X (sky130_fd_sc_hd__or4b_2)
                                         _09_ (net)
                  0.10    0.00    1.29 v _19_/B (sky130_fd_sc_hd__and2b_2)
     1    0.00    0.03    0.22    1.50 v _19_/X (sky130_fd_sc_hd__and2b_2)
                                         _12_ (net)
                  0.03    0.00    1.50 v _20_/A (sky130_fd_sc_hd__buf_1)
     1    0.00    0.02    0.08    1.58 v _20_/X (sky130_fd_sc_hd__buf_1)
                                         _00_ (net)
                  0.02    0.00    1.58 v _26_/D (sky130_fd_sc_hd__dfrtp_2)
                                  1.58   data arrival time

                  0.15   10.00   10.00   clock clk (rise edge)
                          0.00   10.00   clock network delay (ideal)
                         -0.25    9.75   clock uncertainty
                          0.00    9.75   clock reconvergence pessimism
                                  9.75 ^ _26_/CLK (sky130_fd_sc_hd__dfrtp_2)
                         -0.08    9.67   library setup time
                                  9.67   data required time
-----------------------------------------------------------------------------
                                  9.67   data required time
                                 -1.58   data arrival time
-----------------------------------------------------------------------------
                                  8.08   slack (MET)


Startpoint: _26_ (rising edge-triggered flip-flop clocked by clk)
Endpoint: _29_ (rising edge-triggered flip-flop clocked by clk)
Path Group: clk
Path Type: max

Fanout     Cap    Slew   Delay    Time   Description
-----------------------------------------------------------------------------
                  0.15    0.00    0.00   clock clk (rise edge)
                          0.00    0.00   clock network delay (ideal)
                  0.15    0.00    0.00 ^ _26_/CLK (sky130_fd_sc_hd__dfrtp_2)
     6    0.05    0.26    0.57    0.57 ^ _26_/Q (sky130_fd_sc_hd__dfrtp_2)
                                         count[0] (net)
                  0.26    0.00    0.57 ^ _13_/B (sky130_fd_sc_hd__nand3_2)
     2    0.01    0.11    0.15    0.72 v _13_/Y (sky130_fd_sc_hd__nand3_2)
                                         _08_ (net)
                  0.11    0.00    0.72 v _18_/B (sky130_fd_sc_hd__xnor2_2)
     1    0.00    0.05    0.15    0.87 v _18_/Y (sky130_fd_sc_hd__xnor2_2)
                                         _03_ (net)
                  0.05    0.00    0.87 v _29_/D (sky130_fd_sc_hd__dfrtp_2)
                                  0.87   data arrival time

                  0.15   10.00   10.00   clock clk (rise edge)
                          0.00   10.00   clock network delay (ideal)
                         -0.25    9.75   clock uncertainty
                          0.00    9.75   clock reconvergence pessimism
                                  9.75 ^ _29_/CLK (sky130_fd_sc_hd__dfrtp_2)
                         -0.09    9.66   library setup time
                                  9.66   data required time
-----------------------------------------------------------------------------
                                  9.66   data required time
                                 -0.87   data arrival time
-----------------------------------------------------------------------------
                                  8.79   slack (MET)


Startpoint: _27_ (rising edge-triggered flip-flop clocked by clk)
Endpoint: _27_ (rising edge-triggered flip-flop clocked by clk)
Path Group: clk
Path Type: max

Fanout     Cap    Slew   Delay    Time   Description
-----------------------------------------------------------------------------
                  0.15    0.00    0.00   clock clk (rise edge)
                          0.00    0.00   clock network delay (ideal)
                  0.15    0.00    0.00 ^ _27_/CLK (sky130_fd_sc_hd__dfrtp_2)
     5    0.05    0.14    0.56    0.56 v _27_/Q (sky130_fd_sc_hd__dfrtp_2)
                                         count[1] (net)
                  0.14    0.00    0.56 v _21_/A (sky130_fd_sc_hd__xor2_2)
     1    0.00    0.06    0.21    0.77 v _21_/X (sky130_fd_sc_hd__xor2_2)
                                         _01_ (net)
                  0.06    0.00    0.77 v _27_/D (sky130_fd_sc_hd__dfrtp_2)
                                  0.77   data arrival time

                  0.15   10.00   10.00   clock clk (rise edge)
                          0.00   10.00   clock network delay (ideal)
                         -0.25    9.75   clock uncertainty
                          0.00    9.75   clock reconvergence pessimism
                                  9.75 ^ _27_/CLK (sky130_fd_sc_hd__dfrtp_2)
                         -0.10    9.65   library setup time
                                  9.65   data required time
-----------------------------------------------------------------------------
                                  9.65   data required time
                                 -0.77   data arrival time
-----------------------------------------------------------------------------
                                  8.88   slack (MET)



worst slack corner Typical: 7.1779
