
===========================================================================
report_checks -path_delay min (Hold)
============================================================================
======================= Typical Corner ===================================

Startpoint: _29_ (rising edge-triggered flip-flop clocked by clk)
Endpoint: _29_ (rising edge-triggered flip-flop clocked by clk)
Path Group: clk
Path Type: min

Fanout     Cap    Slew   Delay    Time   Description
-----------------------------------------------------------------------------
                  0.15    0.00    0.00   clock clk (rise edge)
                          0.00    0.00   clock network delay (ideal)
                  0.15    0.00    0.00 ^ _29_/CLK (sky130_fd_sc_hd__dfrtp_2)
     3    0.04    0.22    0.49    0.49 ^ _29_/Q (sky130_fd_sc_hd__dfrtp_2)
                                         count[3] (net)
                  0.22    0.00    0.49 ^ _18_/A (sky130_fd_sc_hd__xnor2_2)
     1    0.00    0.03    0.08    0.58 v _18_/Y (sky130_fd_sc_hd__xnor2_2)
                                         _03_ (net)
                  0.03    0.00    0.58 v _29_/D (sky130_fd_sc_hd__dfrtp_2)
                                  0.58   data arrival time

                  0.15    0.00    0.00   clock clk (rise edge)
                          0.00    0.00   clock network delay (ideal)
                          0.25    0.25   clock uncertainty
                          0.00    0.25   clock reconvergence pessimism
                                  0.25 ^ _29_/CLK (sky130_fd_sc_hd__dfrtp_2)
                         -0.01    0.24   library hold time
                                  0.24   data required time
-----------------------------------------------------------------------------
                                  0.24   data required time
                                 -0.58   data arrival time
-----------------------------------------------------------------------------
                                  0.34   slack (MET)


Startpoint: _26_ (rising edge-triggered flip-flop clocked by clk)
Endpoint: _27_ (rising edge-triggered flip-flop clocked by clk)
Path Group: clk
Path Type: min

Fanout     Cap    Slew   Delay    Time   Description
-----------------------------------------------------------------------------
                  0.15    0.00    0.00   clock clk (rise edge)
                          0.00    0.00   clock network delay (ideal)
                  0.15    0.00    0.00 ^ _26_/CLK (sky130_fd_sc_hd__dfrtp_2)
     6    0.05    0.26    0.52    0.52 ^ _26_/Q (sky130_fd_sc_hd__dfrtp_2)
                                         count[0] (net)
                  0.26    0.00    0.52 ^ _21_/B (sky130_fd_sc_hd__xor2_2)
     1    0.00    0.03    0.08    0.60 v _21_/X (sky130_fd_sc_hd__xor2_2)
                                         _01_ (net)
                  0.03    0.00    0.60 v _27_/D (sky130_fd_sc_hd__dfrtp_2)
                                  0.60   data arrival time

                  0.15    0.00    0.00   clock clk (rise edge)
                          0.00    0.00   clock network delay (ideal)
                          0.25    0.25   clock uncertainty
                          0.00    0.25   clock reconvergence pessimism
                                  0.25 ^ _27_/CLK (sky130_fd_sc_hd__dfrtp_2)
                         -0.01    0.24   library hold time
                                  0.24   data required time
-----------------------------------------------------------------------------
                                  0.24   data required time
                                 -0.60   data arrival time
-----------------------------------------------------------------------------
                                  0.36   slack (MET)


Startpoint: _26_ (rising edge-triggered flip-flop clocked by clk)
Endpoint: _26_ (rising edge-triggered flip-flop clocked by clk)
Path Group: clk
Path Type: min

Fanout     Cap    Slew   Delay    Time   Description
-----------------------------------------------------------------------------
                  0.15    0.00    0.00   clock clk (rise edge)
                          0.00    0.00   clock network delay (ideal)
                  0.15    0.00    0.00 ^ _26_/CLK (sky130_fd_sc_hd__dfrtp_2)
     6    0.05    0.15    0.51    0.51 v _26_/Q (sky130_fd_sc_hd__dfrtp_2)
                                         count[0] (net)
                  0.15    0.00    0.51 v _19_/A_N (sky130_fd_sc_hd__and2b_2)
     1    0.00    0.03    0.23    0.74 ^ _19_/X (sky130_fd_sc_hd__and2b_2)
                                         _12_ (net)
                  0.03    0.00    0.74 ^ _20_/A (sky130_fd_sc_hd__buf_1)
     1    0.00    0.04    0.07    0.81 ^ _20_/X (sky130_fd_sc_hd__buf_1)
                                         _00_ (net)
                  0.04    0.00    0.81 ^ _26_/D (sky130_fd_sc_hd__dfrtp_2)
                                  0.81   data arrival time

                  0.15    0.00    0.00   clock clk (rise edge)
                          0.00    0.00   clock network delay (ideal)
                          0.25    0.25   clock uncertainty
                          0.00    0.25   clock reconvergence pessimism
                                  0.25 ^ _26_/CLK (sky130_fd_sc_hd__dfrtp_2)
                         -0.02    0.23   library hold time
                                  0.23   data required time
-----------------------------------------------------------------------------
                                  0.23   data required time
                                 -0.81   data arrival time
-----------------------------------------------------------------------------
                                  0.57   slack (MET)


Startpoint: _28_ (rising edge-triggered flip-flop clocked by clk)
Endpoint: _28_ (rising edge-triggered flip-flop clocked by clk)
Path Group: clk
Path Type: min

Fanout     Cap    Slew   Delay    Time   Description
-----------------------------------------------------------------------------
                  0.15    0.00    0.00   clock clk (rise edge)
                          0.00    0.00   clock network delay (ideal)
                  0.15    0.00    0.00 ^ _28_/CLK (sky130_fd_sc_hd__dfrtp_2)
     4    0.04    0.21    0.49    0.49 ^ _28_/Q (sky130_fd_sc_hd__dfrtp_2)
                                         count[2] (net)
                  0.21    0.00    0.49 ^ _15_/B1 (sky130_fd_sc_hd__a21o_2)
     1    0.00    0.03    0.11    0.60 ^ _15_/X (sky130_fd_sc_hd__a21o_2)
                                         _10_ (net)
                  0.03    0.00    0.60 ^ _16_/C (sky130_fd_sc_hd__and3_2)
     1    0.00    0.04    0.15    0.75 ^ _16_/X (sky130_fd_sc_hd__and3_2)
                                         _11_ (net)
                  0.04    0.00    0.75 ^ _17_/A (sky130_fd_sc_hd__buf_1)
     1    0.00    0.04    0.07    0.81 ^ _17_/X (sky130_fd_sc_hd__buf_1)
                                         _02_ (net)
                  0.04    0.00    0.81 ^ _28_/D (sky130_fd_sc_hd__dfrtp_2)
                                  0.81   data arrival time

                  0.15    0.00    0.00   clock clk (rise edge)
                          0.00    0.00   clock network delay (ideal)
                          0.25    0.25   clock uncertainty
                          0.00    0.25   clock reconvergence pessimism
                                  0.25 ^ _28_/CLK (sky130_fd_sc_hd__dfrtp_2)
                         -0.02    0.23   library hold time
                                  0.23   data required time
-----------------------------------------------------------------------------
                                  0.23   data required time
                                 -0.81   data arrival time
-----------------------------------------------------------------------------
                                  0.58   slack (MET)


Startpoint: rst (input port clocked by clk)
Endpoint: _26_ (removal check against rising-edge clock clk)
Path Group: asynchronous
Path Type: min

Fanout     Cap    Slew   Delay    Time   Description
-----------------------------------------------------------------------------
                  0.15    0.00    0.00   clock clk (rise edge)
                          0.00    0.00   clock network delay (ideal)
                          2.00    2.00 v input external delay
     4    0.02    0.04    0.03    2.03 v rst (in)
                                         rst (net)
                  0.04    0.00    2.03 v _22_/A (sky130_fd_sc_hd__inv_2)
     1    0.00    0.03    0.04    2.07 ^ _22_/Y (sky130_fd_sc_hd__inv_2)
                                         _04_ (net)
                  0.03    0.00    2.07 ^ _26_/RESET_B (sky130_fd_sc_hd__dfrtp_2)
                                  2.07   data arrival time

                  0.15    0.00    0.00   clock clk (rise edge)
                          0.00    0.00   clock network delay (ideal)
                          0.25    0.25   clock uncertainty
                          0.00    0.25   clock reconvergence pessimism
                                  0.25 ^ _26_/CLK (sky130_fd_sc_hd__dfrtp_2)
                          0.34    0.59   library removal time
                                  0.59   data required time
-----------------------------------------------------------------------------
                                  0.59   data required time
                                 -2.07   data arrival time
-----------------------------------------------------------------------------
                                  1.47   slack (MET)


Startpoint: rst (input port clocked by clk)
Endpoint: _27_ (removal check against rising-edge clock clk)
Path Group: asynchronous
Path Type: min

Fanout     Cap    Slew   Delay    Time   Description
-----------------------------------------------------------------------------
                  0.15    0.00    0.00   clock clk (rise edge)
                          0.00    0.00   clock network delay (ideal)
                          2.00    2.00 v input external delay
     4    0.02    0.04    0.03    2.03 v rst (in)
                                         rst (net)
                  0.04    0.00    2.03 v _23_/A (sky130_fd_sc_hd__inv_2)
     1    0.00    0.03    0.04    2.07 ^ _23_/Y (sky130_fd_sc_hd__inv_2)
                                         _05_ (net)
                  0.03    0.00    2.07 ^ _27_/RESET_B (sky130_fd_sc_hd__dfrtp_2)
                                  2.07   data arrival time

                  0.15    0.00    0.00   clock clk (rise edge)
                          0.00    0.00   clock network delay (ideal)
                          0.25    0.25   clock uncertainty
                          0.00    0.25   clock reconvergence pessimism
                                  0.25 ^ _27_/CLK (sky130_fd_sc_hd__dfrtp_2)
                          0.34    0.59   library removal time
                                  0.59   data required time
-----------------------------------------------------------------------------
                                  0.59   data required time
                                 -2.07   data arrival time
-----------------------------------------------------------------------------
                                  1.47   slack (MET)


Startpoint: rst (input port clocked by clk)
Endpoint: _28_ (removal check against rising-edge clock clk)
Path Group: asynchronous
Path Type: min

Fanout     Cap    Slew   Delay    Time   Description
-----------------------------------------------------------------------------
                  0.15    0.00    0.00   clock clk (rise edge)
                          0.00    0.00   clock network delay (ideal)
                          2.00    2.00 v input external delay
     4    0.02    0.04    0.03    2.03 v rst (in)
                                         rst (net)
                  0.04    0.00    2.03 v _24_/A (sky130_fd_sc_hd__inv_2)
     1    0.00    0.03    0.04    2.07 ^ _24_/Y (sky130_fd_sc_hd__inv_2)
                                         _06_ (net)
                  0.03    0.00    2.07 ^ _28_/RESET_B (sky130_fd_sc_hd__dfrtp_2)
                                  2.07   data arrival time

                  0.15    0.00    0.00   clock clk (rise edge)
                          0.00    0.00   clock network delay (ideal)
                          0.25    0.25   clock uncertainty
                          0.00    0.25   clock reconvergence pessimism
                                  0.25 ^ _28_/CLK (sky130_fd_sc_hd__dfrtp_2)
                          0.34    0.59   library removal time
                                  0.59   data required time
-----------------------------------------------------------------------------
                                  0.59   data required time
                                 -2.07   data arrival time
-----------------------------------------------------------------------------
                                  1.47   slack (MET)


Startpoint: rst (input port clocked by clk)
Endpoint: _29_ (removal check against rising-edge clock clk)
Path Group: asynchronous
Path Type: min

Fanout     Cap    Slew   Delay    Time   Description
-----------------------------------------------------------------------------
                  0.15    0.00    0.00   clock clk (rise edge)
                          0.00    0.00   clock network delay (ideal)
                          2.00    2.00 v input external delay
     4    0.02    0.04    0.03    2.03 v rst (in)
                                         rst (net)
                  0.04    0.00    2.03 v _25_/A (sky130_fd_sc_hd__inv_2)
     1    0.00    0.03    0.04    2.07 ^ _25_/Y (sky130_fd_sc_hd__inv_2)
                                         _07_ (net)
                  0.03    0.00    2.07 ^ _29_/RESET_B (sky130_fd_sc_hd__dfrtp_2)
                                  2.07   data arrival time

                  0.15    0.00    0.00   clock clk (rise edge)
                          0.00    0.00   clock network delay (ideal)
                          0.25    0.25   clock uncertainty
                          0.00    0.25   clock reconvergence pessimism
                                  0.25 ^ _29_/CLK (sky130_fd_sc_hd__dfrtp_2)
                          0.34    0.59   library removal time
                                  0.59   data required time
-----------------------------------------------------------------------------
                                  0.59   data required time
                                 -2.07   data arrival time
-----------------------------------------------------------------------------
                                  1.47   slack (MET)


Startpoint: _28_ (rising edge-triggered flip-flop clocked by clk)
Endpoint: count[2] (output port clocked by clk)
Path Group: clk
Path Type: min

Fanout     Cap    Slew   Delay    Time   Description
-----------------------------------------------------------------------------
                  0.15    0.00    0.00   clock clk (rise edge)
                          0.00    0.00   clock network delay (ideal)
                  0.15    0.00    0.00 ^ _28_/CLK (sky130_fd_sc_hd__dfrtp_2)
     4    0.04    0.21    0.49    0.49 ^ _28_/Q (sky130_fd_sc_hd__dfrtp_2)
                                         count[2] (net)
                  0.21    0.00    0.49 ^ count[2] (out)
                                  0.49   data arrival time

                  0.15    0.00    0.00   clock clk (rise edge)
                          0.00    0.00   clock network delay (ideal)
                          0.25    0.25   clock uncertainty
                          0.00    0.25   clock reconvergence pessimism
                         -2.00   -1.75   output external delay
                                 -1.75   data required time
-----------------------------------------------------------------------------
                                 -1.75   data required time
                                 -0.49   data arrival time
-----------------------------------------------------------------------------
                                  2.24   slack (MET)


Startpoint: _29_ (rising edge-triggered flip-flop clocked by clk)
Endpoint: count[3] (output port clocked by clk)
Path Group: clk
Path Type: min

Fanout     Cap    Slew   Delay    Time   Description
-----------------------------------------------------------------------------
                  0.15    0.00    0.00   clock clk (rise edge)
                          0.00    0.00   clock network delay (ideal)
                  0.15    0.00    0.00 ^ _29_/CLK (sky130_fd_sc_hd__dfrtp_2)
     3    0.04    0.22    0.49    0.49 ^ _29_/Q (sky130_fd_sc_hd__dfrtp_2)
                                         count[3] (net)
                  0.22    0.00    0.49 ^ count[3] (out)
                                  0.49   data arrival time

                  0.15    0.00    0.00   clock clk (rise edge)
                          0.00    0.00   clock network delay (ideal)
                          0.25    0.25   clock uncertainty
                          0.00    0.25   clock reconvergence pessimism
                         -2.00   -1.75   output external delay
                                 -1.75   data required time
-----------------------------------------------------------------------------
                                 -1.75   data required time
                                 -0.49   data arrival time
-----------------------------------------------------------------------------
                                  2.24   slack (MET)


Startpoint: _27_ (rising edge-triggered flip-flop clocked by clk)
Endpoint: count[1] (output port clocked by clk)
Path Group: clk
Path Type: min

Fanout     Cap    Slew   Delay    Time   Description
-----------------------------------------------------------------------------
                  0.15    0.00    0.00   clock clk (rise edge)
                          0.00    0.00   clock network delay (ideal)
                  0.15    0.00    0.00 ^ _27_/CLK (sky130_fd_sc_hd__dfrtp_2)
     5    0.05    0.14    0.51    0.51 v _27_/Q (sky130_fd_sc_hd__dfrtp_2)
                                         count[1] (net)
                  0.14    0.00    0.51 v count[1] (out)
                                  0.51   data arrival time

                  0.15    0.00    0.00   clock clk (rise edge)
                          0.00    0.00   clock network delay (ideal)
                          0.25    0.25   clock uncertainty
                          0.00    0.25   clock reconvergence pessimism
                         -2.00   -1.75   output external delay
                                 -1.75   data required time
-----------------------------------------------------------------------------
                                 -1.75   data required time
                                 -0.51   data arrival time
-----------------------------------------------------------------------------
                                  2.26   slack (MET)


Startpoint: _26_ (rising edge-triggered flip-flop clocked by clk)
Endpoint: count[0] (output port clocked by clk)
Path Group: clk
Path Type: min

Fanout     Cap    Slew   Delay    Time   Description
-----------------------------------------------------------------------------
                  0.15    0.00    0.00   clock clk (rise edge)
                          0.00    0.00   clock network delay (ideal)
                  0.15    0.00    0.00 ^ _26_/CLK (sky130_fd_sc_hd__dfrtp_2)
     6    0.05    0.15    0.51    0.51 v _26_/Q (sky130_fd_sc_hd__dfrtp_2)
                                         count[0] (net)
                  0.15    0.00    0.51 v count[0] (out)
                                  0.51   data arrival time

                  0.15    0.00    0.00   clock clk (rise edge)
                          0.00    0.00   clock network delay (ideal)
                          0.25    0.25   clock uncertainty
                          0.00    0.25   clock reconvergence pessimism
                         -2.00   -1.75   output external delay
                                 -1.75   data required time
-----------------------------------------------------------------------------
                                 -1.75   data required time
                                 -0.51   data arrival time
-----------------------------------------------------------------------------
                                  2.26   slack (MET)



worst slack corner Typical: 0.3368
